<?xml version="1.0" encoding="UTF-8"?>
<!-- Generated by org.testng.reporters.JUnitReportReporter -->
<testsuite hostname="DESKTOP-V5F1GLP" failures="0" tests="3" name="testScript.ButtonsPage_Test" time="48.013" errors="0" timestamp="2025-09-08T14:03:46 IST" skipped="0">
  <testcase classname="testScript.ButtonsPage_Test" name="test2" time="24.055"/>
  <system-out/>
  <testcase classname="testScript.ButtonsPage_Test" name="test3" time="7.538"/>
  <system-out/>
  <testcase classname="testScript.ButtonsPage_Test" name="test1" time="16.420"/>
  <system-out/>
</testsuite> <!-- testScript.ButtonsPage_Test -->
