<?xml version="1.0" encoding="UTF-8"?>
<!-- Generated by org.testng.reporters.JUnitReportReporter -->
<testsuite hostname="DESKTOP-5NI68KH" failures="0" tests="1" name="testScript.Quara" time="12.019" errors="0" timestamp="2024-07-31T19:31:19 IST" skipped="0">
  <testcase classname="testScript.Quara" name="test1" time="12.019"/>
  <system-out/>
</testsuite> <!-- testScript.Quara -->
