<?xml version="1.0" encoding="UTF-8"?>
<!-- Generated by org.testng.reporters.JUnitReportReporter -->
<testsuite hostname="DESKTOP-V5F1GLP" failures="0" tests="2" name="testScript.CheckBox_Test" time="40.414" errors="0" timestamp="2025-09-08T14:03:46 IST" skipped="0">
  <testcase classname="testScript.CheckBox_Test" name="test1" time="10.856"/>
  <system-out/>
  <testcase classname="testScript.CheckBox_Test" name="test2" time="29.558"/>
  <system-out/>
</testsuite> <!-- testScript.CheckBox_Test -->
