<?xml version="1.0" encoding="UTF-8"?>
<!-- Generated by org.testng.reporters.JUnitReportReporter -->
<testsuite hostname="DESKTOP-V5F1GLP" failures="0" tests="2" name="testScript.SelectMenuPage_Test" time="43.653" errors="0" timestamp="2025-09-08T14:03:46 IST" skipped="0">
  <testcase classname="testScript.SelectMenuPage_Test" name="test2" time="13.526"/>
  <system-out/>
  <testcase classname="testScript.SelectMenuPage_Test" name="test1" time="30.127"/>
  <system-out/>
</testsuite> <!-- testScript.SelectMenuPage_Test -->
