<?xml version="1.0" encoding="UTF-8"?>
<!-- Generated by org.testng.reporters.JUnitReportReporter -->
<testsuite hostname="DESKTOP-5NI68KH" failures="0" tests="1" name="pageHelper.Demo" time="25.467" errors="0" timestamp="2024-08-28T20:41:51 IST" skipped="0">
  <testcase classname="pageHelper.Demo" name="test" time="25.467"/>
  <system-out/>
</testsuite> <!-- pageHelper.Demo -->
