<?xml version="1.0" encoding="UTF-8"?>
<!-- Generated by org.testng.reporters.JUnitReportReporter -->
<testsuite hostname="DESKTOP-V5F1GLP" failures="0" tests="2" name="testScript.UploadDownloadPage_Test" time="25.638" errors="0" timestamp="2025-09-08T14:03:46 IST" skipped="0">
  <testcase classname="testScript.UploadDownloadPage_Test" name="test2" time="15.739"/>
  <system-out/>
  <testcase classname="testScript.UploadDownloadPage_Test" name="test1" time="9.899"/>
  <system-out/>
</testsuite> <!-- testScript.UploadDownloadPage_Test -->
